<?xml version="1.0" encoding="UTF-8"?>
<testng-results ignored="0" total="34" passed="30" failed="4" skipped="0">
  <reporter-output>
  </reporter-output>
  <suite started-at="2022-06-14T13:16:21Z" name="Default suite" finished-at="2022-06-14T13:19:27Z" duration-ms="185688">
    <groups>
    </groups>
    <test started-at="2022-06-14T13:16:21Z" name="Default test" finished-at="2022-06-14T13:19:27Z" duration-ms="185688">
      <class name="com.pjd.qa.testcases.mavsTest">
        <test-method is-config="true" signature="setup()[pri:0, instance:com.pjd.qa.testcases.mavsTest@6db9f5a4]" started-at="2022-06-14T13:16:21Z" name="setup" finished-at="2022-06-14T13:16:36Z" duration-ms="15252" status="PASS">
          <reporter-output>
          </reporter-output>
        </test-method> <!-- setup -->
        <test-method signature="verify_MainPageTitle_test()[pri:1, instance:com.pjd.qa.testcases.mavsTest@6db9f5a4]" started-at="2022-06-14T13:16:36Z" name="verify_MainPageTitle_test" finished-at="2022-06-14T13:16:44Z" duration-ms="7033" status="PASS">
          <reporter-output>
          </reporter-output>
        </test-method> <!-- verify_MainPageTitle_test -->
        <test-method signature="verify_validateLogoPresence_test()[pri:2, instance:com.pjd.qa.testcases.mavsTest@6db9f5a4]" started-at="2022-06-14T13:16:44Z" name="verify_validateLogoPresence_test" finished-at="2022-06-14T13:16:44Z" duration-ms="716" status="PASS">
          <reporter-output>
          </reporter-output>
        </test-method> <!-- verify_validateLogoPresence_test -->
        <test-method signature="verify_doLogin_test()[pri:3, instance:com.pjd.qa.testcases.mavsTest@6db9f5a4]" started-at="2022-06-14T13:16:44Z" name="verify_doLogin_test" finished-at="2022-06-14T13:16:50Z" duration-ms="5328" status="PASS">
          <reporter-output>
          </reporter-output>
        </test-method> <!-- verify_doLogin_test -->
        <test-method signature="verify_validateOspreysPageTitle_test()[pri:4, instance:com.pjd.qa.testcases.mavsTest@6db9f5a4]" started-at="2022-06-14T13:16:50Z" name="verify_validateOspreysPageTitle_test" finished-at="2022-06-14T13:16:53Z" duration-ms="3009" status="PASS">
          <reporter-output>
          </reporter-output>
        </test-method> <!-- verify_validateOspreysPageTitle_test -->
        <test-method signature="verify_validateOverviewBadgeIsPresent_test()[pri:5, instance:com.pjd.qa.testcases.mavsTest@6db9f5a4]" started-at="2022-06-14T13:16:53Z" name="verify_validateOverviewBadgeIsPresent_test" finished-at="2022-06-14T13:16:53Z" duration-ms="659" status="PASS">
          <reporter-output>
          </reporter-output>
        </test-method> <!-- verify_validateOverviewBadgeIsPresent_test -->
        <test-method signature="verify_clickingAddFiltersToValidateEmail_test()[pri:6, instance:com.pjd.qa.testcases.mavsTest@6db9f5a4]" started-at="2022-06-14T13:16:53Z" name="verify_clickingAddFiltersToValidateEmail_test" finished-at="2022-06-14T13:16:54Z" duration-ms="982" status="PASS">
          <reporter-output>
          </reporter-output>
        </test-method> <!-- verify_clickingAddFiltersToValidateEmail_test -->
        <test-method signature="verify_clickingAllFiltersTovalidateEmail_test()[pri:7, instance:com.pjd.qa.testcases.mavsTest@6db9f5a4]" started-at="2022-06-14T13:16:54Z" name="verify_clickingAllFiltersTovalidateEmail_test" finished-at="2022-06-14T13:16:55Z" duration-ms="837" status="PASS">
          <reporter-output>
          </reporter-output>
        </test-method> <!-- verify_clickingAllFiltersTovalidateEmail_test -->
        <test-method signature="verify_ClickingSearchBarToFetchEmail_test()[pri:8, instance:com.pjd.qa.testcases.mavsTest@6db9f5a4]" started-at="2022-06-14T13:16:55Z" name="verify_ClickingSearchBarToFetchEmail_test" finished-at="2022-06-14T13:16:56Z" duration-ms="1012" status="PASS">
          <reporter-output>
          </reporter-output>
        </test-method> <!-- verify_ClickingSearchBarToFetchEmail_test -->
        <test-method signature="verify_sendingFilterKey_test()[pri:9, instance:com.pjd.qa.testcases.mavsTest@6db9f5a4]" started-at="2022-06-14T13:16:56Z" name="verify_sendingFilterKey_test" finished-at="2022-06-14T13:16:57Z" duration-ms="1373" status="PASS">
          <reporter-output>
          </reporter-output>
        </test-method> <!-- verify_sendingFilterKey_test -->
        <test-method signature="verify_clickingFilterKey_test()[pri:10, instance:com.pjd.qa.testcases.mavsTest@6db9f5a4]" started-at="2022-06-14T13:16:57Z" name="verify_clickingFilterKey_test" finished-at="2022-06-14T13:16:58Z" duration-ms="694" status="PASS">
          <reporter-output>
          </reporter-output>
        </test-method> <!-- verify_clickingFilterKey_test -->
        <test-method signature="verify_clickingSelectFiltration_test()[pri:11, instance:com.pjd.qa.testcases.mavsTest@6db9f5a4]" started-at="2022-06-14T13:16:58Z" name="verify_clickingSelectFiltration_test" finished-at="2022-06-14T13:17:02Z" duration-ms="3885" status="PASS">
          <reporter-output>
          </reporter-output>
        </test-method> <!-- verify_clickingSelectFiltration_test -->
        <test-method signature="verify_clickingExcludeFiltration_test()[pri:12, instance:com.pjd.qa.testcases.mavsTest@6db9f5a4]" started-at="2022-06-14T13:17:02Z" name="verify_clickingExcludeFiltration_test" finished-at="2022-06-14T13:17:03Z" duration-ms="797" status="PASS">
          <reporter-output>
          </reporter-output>
        </test-method> <!-- verify_clickingExcludeFiltration_test -->
        <test-method signature="verify_clickingUpdateButton_test()[pri:13, instance:com.pjd.qa.testcases.mavsTest@6db9f5a4]" started-at="2022-06-14T13:17:03Z" name="verify_clickingUpdateButton_test" finished-at="2022-06-14T13:17:07Z" duration-ms="3714" status="PASS">
          <reporter-output>
          </reporter-output>
        </test-method> <!-- verify_clickingUpdateButton_test -->
        <test-method signature="verify_validateFanCountPresent_test()[pri:14, instance:com.pjd.qa.testcases.mavsTest@6db9f5a4]" started-at="2022-06-14T13:17:07Z" name="verify_validateFanCountPresent_test" finished-at="2022-06-14T13:17:07Z" duration-ms="24" status="PASS">
          <reporter-output>
          </reporter-output>
        </test-method> <!-- verify_validateFanCountPresent_test -->
        <test-method signature="verify_clickingEditFilterToStartNewFiltration_test()[pri:15, instance:com.pjd.qa.testcases.mavsTest@6db9f5a4]" started-at="2022-06-14T13:17:07Z" name="verify_clickingEditFilterToStartNewFiltration_test" finished-at="2022-06-14T13:17:08Z" duration-ms="1393" status="PASS">
          <reporter-output>
          </reporter-output>
        </test-method> <!-- verify_clickingEditFilterToStartNewFiltration_test -->
        <test-method signature="verify_clickingAllFiltersToValidateCountry_test()[pri:16, instance:com.pjd.qa.testcases.mavsTest@6db9f5a4]" started-at="2022-06-14T13:17:08Z" name="verify_clickingAllFiltersToValidateCountry_test" finished-at="2022-06-14T13:17:12Z" duration-ms="3873" status="PASS">
          <reporter-output>
          </reporter-output>
        </test-method> <!-- verify_clickingAllFiltersToValidateCountry_test -->
        <test-method signature="verify_ClickingSearchBarToFetchCountry_test()[pri:17, instance:com.pjd.qa.testcases.mavsTest@6db9f5a4]" started-at="2022-06-14T13:17:12Z" name="verify_ClickingSearchBarToFetchCountry_test" finished-at="2022-06-14T13:17:13Z" duration-ms="865" status="PASS">
          <reporter-output>
          </reporter-output>
        </test-method> <!-- verify_ClickingSearchBarToFetchCountry_test -->
        <test-method signature="verify_sendingFilterKeyForCountryFilter_test()[pri:18, instance:com.pjd.qa.testcases.mavsTest@6db9f5a4]" started-at="2022-06-14T13:17:13Z" name="verify_sendingFilterKeyForCountryFilter_test" finished-at="2022-06-14T13:17:14Z" duration-ms="1565" status="PASS">
          <reporter-output>
          </reporter-output>
        </test-method> <!-- verify_sendingFilterKeyForCountryFilter_test -->
        <test-method signature="verify_clickingTheCountryFilterKey_test()[pri:19, instance:com.pjd.qa.testcases.mavsTest@6db9f5a4]" started-at="2022-06-14T13:17:14Z" name="verify_clickingTheCountryFilterKey_test" finished-at="2022-06-14T13:17:18Z" duration-ms="3659" status="PASS">
          <reporter-output>
          </reporter-output>
        </test-method> <!-- verify_clickingTheCountryFilterKey_test -->
        <test-method signature="verify_clickingSelecCountrytFiltration_test()[pri:20, instance:com.pjd.qa.testcases.mavsTest@6db9f5a4]" started-at="2022-06-14T13:17:18Z" name="verify_clickingSelecCountrytFiltration_test" finished-at="2022-06-14T13:17:23Z" duration-ms="4658" status="PASS">
          <reporter-output>
          </reporter-output>
        </test-method> <!-- verify_clickingSelecCountrytFiltration_test -->
        <test-method signature="verify_clickingExcludeCountryFiltration_test()[pri:21, instance:com.pjd.qa.testcases.mavsTest@6db9f5a4]" started-at="2022-06-14T13:17:23Z" name="verify_clickingExcludeCountryFiltration_test" finished-at="2022-06-14T13:17:27Z" duration-ms="4844" status="PASS">
          <reporter-output>
          </reporter-output>
        </test-method> <!-- verify_clickingExcludeCountryFiltration_test -->
        <test-method signature="verify_clickingUpdateToCountryFilter_test()[pri:22, instance:com.pjd.qa.testcases.mavsTest@6db9f5a4]" started-at="2022-06-14T13:17:27Z" name="verify_clickingUpdateToCountryFilter_test" finished-at="2022-06-14T13:17:33Z" duration-ms="6022" status="PASS">
          <reporter-output>
          </reporter-output>
        </test-method> <!-- verify_clickingUpdateToCountryFilter_test -->
        <test-method signature="verify_clickingDemographicsBadge_test()[pri:23, instance:com.pjd.qa.testcases.mavsTest@6db9f5a4]" started-at="2022-06-14T13:17:33Z" name="verify_clickingDemographicsBadge_test" finished-at="2022-06-14T13:17:35Z" duration-ms="1620" status="PASS">
          <reporter-output>
          </reporter-output>
        </test-method> <!-- verify_clickingDemographicsBadge_test -->
        <test-method signature="verify_demographyDiagramIspresent_test()[pri:24, instance:com.pjd.qa.testcases.mavsTest@6db9f5a4]" started-at="2022-06-14T13:17:35Z" name="verify_demographyDiagramIspresent_test" finished-at="2022-06-14T13:17:35Z" duration-ms="23" status="PASS">
          <reporter-output>
          </reporter-output>
        </test-method> <!-- verify_demographyDiagramIspresent_test -->
        <test-method signature="verify_clickingWebBadge_test()[pri:25, instance:com.pjd.qa.testcases.mavsTest@6db9f5a4]" started-at="2022-06-14T13:17:35Z" name="verify_clickingWebBadge_test" finished-at="2022-06-14T13:17:41Z" duration-ms="5583" status="PASS">
          <reporter-output>
          </reporter-output>
        </test-method> <!-- verify_clickingWebBadge_test -->
        <test-method signature="verify_webDiagramIspresent_test()[pri:26, instance:com.pjd.qa.testcases.mavsTest@6db9f5a4]" started-at="2022-06-14T13:17:41Z" name="verify_webDiagramIspresent_test" finished-at="2022-06-14T13:17:41Z" duration-ms="18" status="PASS">
          <reporter-output>
          </reporter-output>
        </test-method> <!-- verify_webDiagramIspresent_test -->
        <test-method signature="verify_clickingFanBadge_test()[pri:27, instance:com.pjd.qa.testcases.mavsTest@6db9f5a4]" started-at="2022-06-14T13:17:41Z" name="verify_clickingFanBadge_test" finished-at="2022-06-14T13:17:46Z" duration-ms="5717" status="PASS">
          <reporter-output>
          </reporter-output>
        </test-method> <!-- verify_clickingFanBadge_test -->
        <test-method signature="verify_fanTableIspresent_test()[pri:28, instance:com.pjd.qa.testcases.mavsTest@6db9f5a4]" started-at="2022-06-14T13:17:46Z" name="verify_fanTableIspresent_test" finished-at="2022-06-14T13:18:07Z" duration-ms="20130" status="FAIL">
          <exception class="org.openqa.selenium.TimeoutException">
            <message>
              <![CDATA[Expected condition failed: waiting for presence of element located by: By.xpath: //main[@class = 'userList'] (tried for 20 second(s) with 500 milliseconds interval)]]>
            </message>
            <full-stacktrace>
              <![CDATA[org.openqa.selenium.TimeoutException: Expected condition failed: waiting for presence of element located by: By.xpath: //main[@class = 'userList'] (tried for 20 second(s) with 500 milliseconds interval)
at org.openqa.selenium.support.ui.WebDriverWait.timeoutException(WebDriverWait.java:95)
at org.openqa.selenium.support.ui.FluentWait.until(FluentWait.java:272)
at com.pjd.qa.util.elementUtil.waitForElementPresent(elementUtil.java:282)
at com.pjd.qa.pages.mavs.fanTableIspresent(mavs.java:184)
at com.pjd.qa.testcases.mavsTest.verify_fanTableIspresent_test(mavsTest.java:168)
at java.base/jdk.internal.reflect.NativeMethodAccessorImpl.invoke0(Native Method)
at java.base/jdk.internal.reflect.NativeMethodAccessorImpl.invoke(NativeMethodAccessorImpl.java:62)
at java.base/jdk.internal.reflect.DelegatingMethodAccessorImpl.invoke(DelegatingMethodAccessorImpl.java:43)
at java.base/java.lang.reflect.Method.invoke(Method.java:566)
at org.testng.internal.MethodInvocationHelper.invokeMethod(MethodInvocationHelper.java:124)
at org.testng.internal.Invoker.invokeMethod(Invoker.java:583)
at org.testng.internal.Invoker.invokeTestMethod(Invoker.java:719)
at org.testng.internal.Invoker.invokeTestMethods(Invoker.java:989)
at org.testng.internal.TestMethodWorker.invokeTestMethods(TestMethodWorker.java:125)
at org.testng.internal.TestMethodWorker.run(TestMethodWorker.java:109)
at org.testng.TestRunner.privateRun(TestRunner.java:648)
at org.testng.TestRunner.run(TestRunner.java:505)
at org.testng.SuiteRunner.runTest(SuiteRunner.java:455)
at org.testng.SuiteRunner.runSequentially(SuiteRunner.java:450)
at org.testng.SuiteRunner.privateRun(SuiteRunner.java:415)
at org.testng.SuiteRunner.run(SuiteRunner.java:364)
at org.testng.SuiteRunnerWorker.runSuite(SuiteRunnerWorker.java:52)
at org.testng.SuiteRunnerWorker.run(SuiteRunnerWorker.java:84)
at org.testng.TestNG.runSuitesSequentially(TestNG.java:1208)
at org.testng.TestNG.runSuitesLocally(TestNG.java:1137)
at org.testng.TestNG.runSuites(TestNG.java:1049)
at org.testng.TestNG.run(TestNG.java:1017)
at org.testng.remote.AbstractRemoteTestNG.run(AbstractRemoteTestNG.java:115)
at org.testng.remote.RemoteTestNG.initAndRun(RemoteTestNG.java:251)
at org.testng.remote.RemoteTestNG.main(RemoteTestNG.java:77)
Caused by: org.openqa.selenium.NoSuchElementException: no such element: Unable to locate element: {"method":"xpath","selector":"//main[@class = 'userList']"}
  (Session info: chrome=101.0.4951.67)
For documentation on this error, please visit: https://www.seleniumhq.org/exceptions/no_such_element.html
Build info: version: '3.141.59', revision: 'e82be7d358', time: '2018-11-14T08:17:03'
System info: host: 'DESKTOP-QHQ78OS', ip: '10.0.0.155', os.name: 'Windows 10', os.arch: 'amd64', os.version: '10.0', java.version: '11.0.2'
Driver info: org.openqa.selenium.chrome.ChromeDriver
Capabilities {acceptInsecureCerts: false, browserName: chrome, browserVersion: 101.0.4951.67, chrome: {chromedriverVersion: 101.0.4951.41 (93c720db8323..., userDataDir: C:\Users\irina\AppData\Loca...}, goog:chromeOptions: {debuggerAddress: localhost:57832}, javascriptEnabled: true, networkConnectionEnabled: false, pageLoadStrategy: none, platform: WINDOWS, platformName: WINDOWS, proxy: Proxy(), setWindowRect: true, strictFileInteractability: false, timeouts: {implicit: 0, pageLoad: 300000, script: 30000}, unhandledPromptBehavior: dismiss and notify, webauthn:extension:credBlob: true, webauthn:extension:largeBlob: true, webauthn:virtualAuthenticators: true}
Session ID: 618dd49cf951d2d6cf328f409e261e74
*** Element info: {Using=xpath, value=//main[@class = 'userList']}
at jdk.internal.reflect.GeneratedConstructorAccessor14.newInstance(Unknown Source)
at java.base/jdk.internal.reflect.DelegatingConstructorAccessorImpl.newInstance(DelegatingConstructorAccessorImpl.java:45)
at java.base/java.lang.reflect.Constructor.newInstance(Constructor.java:490)
at org.openqa.selenium.remote.http.W3CHttpResponseCodec.createException(W3CHttpResponseCodec.java:187)
at org.openqa.selenium.remote.http.W3CHttpResponseCodec.decode(W3CHttpResponseCodec.java:122)
at org.openqa.selenium.remote.http.W3CHttpResponseCodec.decode(W3CHttpResponseCodec.java:49)
at org.openqa.selenium.remote.HttpCommandExecutor.execute(HttpCommandExecutor.java:158)
at org.openqa.selenium.remote.service.DriverCommandExecutor.execute(DriverCommandExecutor.java:83)
at org.openqa.selenium.remote.RemoteWebDriver.execute(RemoteWebDriver.java:552)
at org.openqa.selenium.remote.RemoteWebDriver.findElement(RemoteWebDriver.java:323)
at org.openqa.selenium.remote.RemoteWebDriver.findElementByXPath(RemoteWebDriver.java:428)
at org.openqa.selenium.By$ByXPath.findElement(By.java:353)
at org.openqa.selenium.remote.RemoteWebDriver.findElement(RemoteWebDriver.java:315)
at org.openqa.selenium.support.ui.ExpectedConditions$6.apply(ExpectedConditions.java:182)
at org.openqa.selenium.support.ui.ExpectedConditions$6.apply(ExpectedConditions.java:179)
at org.openqa.selenium.support.ui.FluentWait.until(FluentWait.java:249)
... 28 more
]]>
            </full-stacktrace>
          </exception> <!-- org.openqa.selenium.TimeoutException -->
          <reporter-output>
          </reporter-output>
        </test-method> <!-- verify_fanTableIspresent_test -->
        <test-method signature="verify_clickingSourcesBadge_test()[pri:29, instance:com.pjd.qa.testcases.mavsTest@6db9f5a4]" started-at="2022-06-14T13:18:07Z" name="verify_clickingSourcesBadge_test" finished-at="2022-06-14T13:18:12Z" duration-ms="5662" status="PASS">
          <reporter-output>
          </reporter-output>
        </test-method> <!-- verify_clickingSourcesBadge_test -->
        <test-method signature="verify_sourcesTableIspresent_test()[pri:30, instance:com.pjd.qa.testcases.mavsTest@6db9f5a4]" started-at="2022-06-14T13:18:12Z" name="verify_sourcesTableIspresent_test" finished-at="2022-06-14T13:18:32Z" duration-ms="20094" status="FAIL">
          <exception class="org.openqa.selenium.TimeoutException">
            <message>
              <![CDATA[Expected condition failed: waiting for presence of element located by: By.xpath: (//div[@class = 'Sources__TableContainer-hk5q41-3 dOnpiN custom_table'])[1] (tried for 20 second(s) with 500 milliseconds interval)]]>
            </message>
            <full-stacktrace>
              <![CDATA[org.openqa.selenium.TimeoutException: Expected condition failed: waiting for presence of element located by: By.xpath: (//div[@class = 'Sources__TableContainer-hk5q41-3 dOnpiN custom_table'])[1] (tried for 20 second(s) with 500 milliseconds interval)
at org.openqa.selenium.support.ui.WebDriverWait.timeoutException(WebDriverWait.java:95)
at org.openqa.selenium.support.ui.FluentWait.until(FluentWait.java:272)
at com.pjd.qa.util.elementUtil.waitForElementPresent(elementUtil.java:282)
at com.pjd.qa.pages.mavs.sourcesTableIspresent(mavs.java:193)
at com.pjd.qa.testcases.mavsTest.verify_sourcesTableIspresent_test(mavsTest.java:179)
at java.base/jdk.internal.reflect.NativeMethodAccessorImpl.invoke0(Native Method)
at java.base/jdk.internal.reflect.NativeMethodAccessorImpl.invoke(NativeMethodAccessorImpl.java:62)
at java.base/jdk.internal.reflect.DelegatingMethodAccessorImpl.invoke(DelegatingMethodAccessorImpl.java:43)
at java.base/java.lang.reflect.Method.invoke(Method.java:566)
at org.testng.internal.MethodInvocationHelper.invokeMethod(MethodInvocationHelper.java:124)
at org.testng.internal.Invoker.invokeMethod(Invoker.java:583)
at org.testng.internal.Invoker.invokeTestMethod(Invoker.java:719)
at org.testng.internal.Invoker.invokeTestMethods(Invoker.java:989)
at org.testng.internal.TestMethodWorker.invokeTestMethods(TestMethodWorker.java:125)
at org.testng.internal.TestMethodWorker.run(TestMethodWorker.java:109)
at org.testng.TestRunner.privateRun(TestRunner.java:648)
at org.testng.TestRunner.run(TestRunner.java:505)
at org.testng.SuiteRunner.runTest(SuiteRunner.java:455)
at org.testng.SuiteRunner.runSequentially(SuiteRunner.java:450)
at org.testng.SuiteRunner.privateRun(SuiteRunner.java:415)
at org.testng.SuiteRunner.run(SuiteRunner.java:364)
at org.testng.SuiteRunnerWorker.runSuite(SuiteRunnerWorker.java:52)
at org.testng.SuiteRunnerWorker.run(SuiteRunnerWorker.java:84)
at org.testng.TestNG.runSuitesSequentially(TestNG.java:1208)
at org.testng.TestNG.runSuitesLocally(TestNG.java:1137)
at org.testng.TestNG.runSuites(TestNG.java:1049)
at org.testng.TestNG.run(TestNG.java:1017)
at org.testng.remote.AbstractRemoteTestNG.run(AbstractRemoteTestNG.java:115)
at org.testng.remote.RemoteTestNG.initAndRun(RemoteTestNG.java:251)
at org.testng.remote.RemoteTestNG.main(RemoteTestNG.java:77)
Caused by: org.openqa.selenium.NoSuchElementException: no such element: Unable to locate element: {"method":"xpath","selector":"(//div[@class = 'Sources__TableContainer-hk5q41-3 dOnpiN custom_table'])[1]"}
  (Session info: chrome=101.0.4951.67)
For documentation on this error, please visit: https://www.seleniumhq.org/exceptions/no_such_element.html
Build info: version: '3.141.59', revision: 'e82be7d358', time: '2018-11-14T08:17:03'
System info: host: 'DESKTOP-QHQ78OS', ip: '10.0.0.155', os.name: 'Windows 10', os.arch: 'amd64', os.version: '10.0', java.version: '11.0.2'
Driver info: org.openqa.selenium.chrome.ChromeDriver
Capabilities {acceptInsecureCerts: false, browserName: chrome, browserVersion: 101.0.4951.67, chrome: {chromedriverVersion: 101.0.4951.41 (93c720db8323..., userDataDir: C:\Users\irina\AppData\Loca...}, goog:chromeOptions: {debuggerAddress: localhost:57832}, javascriptEnabled: true, networkConnectionEnabled: false, pageLoadStrategy: none, platform: WINDOWS, platformName: WINDOWS, proxy: Proxy(), setWindowRect: true, strictFileInteractability: false, timeouts: {implicit: 0, pageLoad: 300000, script: 30000}, unhandledPromptBehavior: dismiss and notify, webauthn:extension:credBlob: true, webauthn:extension:largeBlob: true, webauthn:virtualAuthenticators: true}
Session ID: 618dd49cf951d2d6cf328f409e261e74
*** Element info: {Using=xpath, value=(//div[@class = 'Sources__TableContainer-hk5q41-3 dOnpiN custom_table'])[1]}
at jdk.internal.reflect.GeneratedConstructorAccessor14.newInstance(Unknown Source)
at java.base/jdk.internal.reflect.DelegatingConstructorAccessorImpl.newInstance(DelegatingConstructorAccessorImpl.java:45)
at java.base/java.lang.reflect.Constructor.newInstance(Constructor.java:490)
at org.openqa.selenium.remote.http.W3CHttpResponseCodec.createException(W3CHttpResponseCodec.java:187)
at org.openqa.selenium.remote.http.W3CHttpResponseCodec.decode(W3CHttpResponseCodec.java:122)
at org.openqa.selenium.remote.http.W3CHttpResponseCodec.decode(W3CHttpResponseCodec.java:49)
at org.openqa.selenium.remote.HttpCommandExecutor.execute(HttpCommandExecutor.java:158)
at org.openqa.selenium.remote.service.DriverCommandExecutor.execute(DriverCommandExecutor.java:83)
at org.openqa.selenium.remote.RemoteWebDriver.execute(RemoteWebDriver.java:552)
at org.openqa.selenium.remote.RemoteWebDriver.findElement(RemoteWebDriver.java:323)
at org.openqa.selenium.remote.RemoteWebDriver.findElementByXPath(RemoteWebDriver.java:428)
at org.openqa.selenium.By$ByXPath.findElement(By.java:353)
at org.openqa.selenium.remote.RemoteWebDriver.findElement(RemoteWebDriver.java:315)
at org.openqa.selenium.support.ui.ExpectedConditions$6.apply(ExpectedConditions.java:182)
at org.openqa.selenium.support.ui.ExpectedConditions$6.apply(ExpectedConditions.java:179)
at org.openqa.selenium.support.ui.FluentWait.until(FluentWait.java:249)
... 28 more
]]>
            </full-stacktrace>
          </exception> <!-- org.openqa.selenium.TimeoutException -->
          <reporter-output>
          </reporter-output>
        </test-method> <!-- verify_sourcesTableIspresent_test -->
        <test-method signature="verify_clickingTicketsBadge_test()[pri:31, instance:com.pjd.qa.testcases.mavsTest@6db9f5a4]" started-at="2022-06-14T13:18:32Z" name="verify_clickingTicketsBadge_test" finished-at="2022-06-14T13:18:38Z" duration-ms="5644" status="PASS">
          <reporter-output>
          </reporter-output>
        </test-method> <!-- verify_clickingTicketsBadge_test -->
        <test-method signature="verify_ticketsDiagramIspresent_test()[pri:32, instance:com.pjd.qa.testcases.mavsTest@6db9f5a4]" started-at="2022-06-14T13:18:38Z" name="verify_ticketsDiagramIspresent_test" finished-at="2022-06-14T13:18:58Z" duration-ms="20083" status="FAIL">
          <exception class="org.openqa.selenium.TimeoutException">
            <message>
              <![CDATA[Expected condition failed: waiting for presence of element located by: By.xpath: (//div[@class = 'curvedLineGraph__GraphContainer-sc-155ztx1-6 gBxMzo'])[1] (tried for 20 second(s) with 500 milliseconds interval)]]>
            </message>
            <full-stacktrace>
              <![CDATA[org.openqa.selenium.TimeoutException: Expected condition failed: waiting for presence of element located by: By.xpath: (//div[@class = 'curvedLineGraph__GraphContainer-sc-155ztx1-6 gBxMzo'])[1] (tried for 20 second(s) with 500 milliseconds interval)
at org.openqa.selenium.support.ui.WebDriverWait.timeoutException(WebDriverWait.java:95)
at org.openqa.selenium.support.ui.FluentWait.until(FluentWait.java:272)
at com.pjd.qa.util.elementUtil.waitForElementPresent(elementUtil.java:282)
at com.pjd.qa.pages.mavs.ticketsDiagramIspresent(mavs.java:202)
at com.pjd.qa.testcases.mavsTest.verify_ticketsDiagramIspresent_test(mavsTest.java:189)
at java.base/jdk.internal.reflect.NativeMethodAccessorImpl.invoke0(Native Method)
at java.base/jdk.internal.reflect.NativeMethodAccessorImpl.invoke(NativeMethodAccessorImpl.java:62)
at java.base/jdk.internal.reflect.DelegatingMethodAccessorImpl.invoke(DelegatingMethodAccessorImpl.java:43)
at java.base/java.lang.reflect.Method.invoke(Method.java:566)
at org.testng.internal.MethodInvocationHelper.invokeMethod(MethodInvocationHelper.java:124)
at org.testng.internal.Invoker.invokeMethod(Invoker.java:583)
at org.testng.internal.Invoker.invokeTestMethod(Invoker.java:719)
at org.testng.internal.Invoker.invokeTestMethods(Invoker.java:989)
at org.testng.internal.TestMethodWorker.invokeTestMethods(TestMethodWorker.java:125)
at org.testng.internal.TestMethodWorker.run(TestMethodWorker.java:109)
at org.testng.TestRunner.privateRun(TestRunner.java:648)
at org.testng.TestRunner.run(TestRunner.java:505)
at org.testng.SuiteRunner.runTest(SuiteRunner.java:455)
at org.testng.SuiteRunner.runSequentially(SuiteRunner.java:450)
at org.testng.SuiteRunner.privateRun(SuiteRunner.java:415)
at org.testng.SuiteRunner.run(SuiteRunner.java:364)
at org.testng.SuiteRunnerWorker.runSuite(SuiteRunnerWorker.java:52)
at org.testng.SuiteRunnerWorker.run(SuiteRunnerWorker.java:84)
at org.testng.TestNG.runSuitesSequentially(TestNG.java:1208)
at org.testng.TestNG.runSuitesLocally(TestNG.java:1137)
at org.testng.TestNG.runSuites(TestNG.java:1049)
at org.testng.TestNG.run(TestNG.java:1017)
at org.testng.remote.AbstractRemoteTestNG.run(AbstractRemoteTestNG.java:115)
at org.testng.remote.RemoteTestNG.initAndRun(RemoteTestNG.java:251)
at org.testng.remote.RemoteTestNG.main(RemoteTestNG.java:77)
Caused by: org.openqa.selenium.NoSuchElementException: no such element: Unable to locate element: {"method":"xpath","selector":"(//div[@class = 'curvedLineGraph__GraphContainer-sc-155ztx1-6 gBxMzo'])[1]"}
  (Session info: chrome=101.0.4951.67)
For documentation on this error, please visit: https://www.seleniumhq.org/exceptions/no_such_element.html
Build info: version: '3.141.59', revision: 'e82be7d358', time: '2018-11-14T08:17:03'
System info: host: 'DESKTOP-QHQ78OS', ip: '10.0.0.155', os.name: 'Windows 10', os.arch: 'amd64', os.version: '10.0', java.version: '11.0.2'
Driver info: org.openqa.selenium.chrome.ChromeDriver
Capabilities {acceptInsecureCerts: false, browserName: chrome, browserVersion: 101.0.4951.67, chrome: {chromedriverVersion: 101.0.4951.41 (93c720db8323..., userDataDir: C:\Users\irina\AppData\Loca...}, goog:chromeOptions: {debuggerAddress: localhost:57832}, javascriptEnabled: true, networkConnectionEnabled: false, pageLoadStrategy: none, platform: WINDOWS, platformName: WINDOWS, proxy: Proxy(), setWindowRect: true, strictFileInteractability: false, timeouts: {implicit: 0, pageLoad: 300000, script: 30000}, unhandledPromptBehavior: dismiss and notify, webauthn:extension:credBlob: true, webauthn:extension:largeBlob: true, webauthn:virtualAuthenticators: true}
Session ID: 618dd49cf951d2d6cf328f409e261e74
*** Element info: {Using=xpath, value=(//div[@class = 'curvedLineGraph__GraphContainer-sc-155ztx1-6 gBxMzo'])[1]}
at jdk.internal.reflect.GeneratedConstructorAccessor14.newInstance(Unknown Source)
at java.base/jdk.internal.reflect.DelegatingConstructorAccessorImpl.newInstance(DelegatingConstructorAccessorImpl.java:45)
at java.base/java.lang.reflect.Constructor.newInstance(Constructor.java:490)
at org.openqa.selenium.remote.http.W3CHttpResponseCodec.createException(W3CHttpResponseCodec.java:187)
at org.openqa.selenium.remote.http.W3CHttpResponseCodec.decode(W3CHttpResponseCodec.java:122)
at org.openqa.selenium.remote.http.W3CHttpResponseCodec.decode(W3CHttpResponseCodec.java:49)
at org.openqa.selenium.remote.HttpCommandExecutor.execute(HttpCommandExecutor.java:158)
at org.openqa.selenium.remote.service.DriverCommandExecutor.execute(DriverCommandExecutor.java:83)
at org.openqa.selenium.remote.RemoteWebDriver.execute(RemoteWebDriver.java:552)
at org.openqa.selenium.remote.RemoteWebDriver.findElement(RemoteWebDriver.java:323)
at org.openqa.selenium.remote.RemoteWebDriver.findElementByXPath(RemoteWebDriver.java:428)
at org.openqa.selenium.By$ByXPath.findElement(By.java:353)
at org.openqa.selenium.remote.RemoteWebDriver.findElement(RemoteWebDriver.java:315)
at org.openqa.selenium.support.ui.ExpectedConditions$6.apply(ExpectedConditions.java:182)
at org.openqa.selenium.support.ui.ExpectedConditions$6.apply(ExpectedConditions.java:179)
at org.openqa.selenium.support.ui.FluentWait.until(FluentWait.java:249)
... 28 more
]]>
            </full-stacktrace>
          </exception> <!-- org.openqa.selenium.TimeoutException -->
          <reporter-output>
          </reporter-output>
        </test-method> <!-- verify_ticketsDiagramIspresent_test -->
        <test-method signature="verify_clickingMerchandiseBadge_test()[pri:33, instance:com.pjd.qa.testcases.mavsTest@6db9f5a4]" started-at="2022-06-14T13:18:58Z" name="verify_clickingMerchandiseBadge_test" finished-at="2022-06-14T13:19:04Z" duration-ms="5722" status="PASS">
          <reporter-output>
          </reporter-output>
        </test-method> <!-- verify_clickingMerchandiseBadge_test -->
        <test-method signature="verify_merchandiseDiagramIspresent_test()[pri:34, instance:com.pjd.qa.testcases.mavsTest@6db9f5a4]" started-at="2022-06-14T13:19:04Z" name="verify_merchandiseDiagramIspresent_test" finished-at="2022-06-14T13:19:24Z" duration-ms="20073" status="FAIL">
          <exception class="org.openqa.selenium.TimeoutException">
            <message>
              <![CDATA[Expected condition failed: waiting for presence of element located by: By.xpath: //div[@class = 'curvedLineGraph__GraphContainer-sc-155ztx1-6 gBxMzo'] (tried for 20 second(s) with 500 milliseconds interval)]]>
            </message>
            <full-stacktrace>
              <![CDATA[org.openqa.selenium.TimeoutException: Expected condition failed: waiting for presence of element located by: By.xpath: //div[@class = 'curvedLineGraph__GraphContainer-sc-155ztx1-6 gBxMzo'] (tried for 20 second(s) with 500 milliseconds interval)
at org.openqa.selenium.support.ui.WebDriverWait.timeoutException(WebDriverWait.java:95)
at org.openqa.selenium.support.ui.FluentWait.until(FluentWait.java:272)
at com.pjd.qa.util.elementUtil.waitForElementPresent(elementUtil.java:282)
at com.pjd.qa.pages.mavs.merchandiseDiagramIspresent(mavs.java:211)
at com.pjd.qa.testcases.mavsTest.verify_merchandiseDiagramIspresent_test(mavsTest.java:199)
at java.base/jdk.internal.reflect.NativeMethodAccessorImpl.invoke0(Native Method)
at java.base/jdk.internal.reflect.NativeMethodAccessorImpl.invoke(NativeMethodAccessorImpl.java:62)
at java.base/jdk.internal.reflect.DelegatingMethodAccessorImpl.invoke(DelegatingMethodAccessorImpl.java:43)
at java.base/java.lang.reflect.Method.invoke(Method.java:566)
at org.testng.internal.MethodInvocationHelper.invokeMethod(MethodInvocationHelper.java:124)
at org.testng.internal.Invoker.invokeMethod(Invoker.java:583)
at org.testng.internal.Invoker.invokeTestMethod(Invoker.java:719)
at org.testng.internal.Invoker.invokeTestMethods(Invoker.java:989)
at org.testng.internal.TestMethodWorker.invokeTestMethods(TestMethodWorker.java:125)
at org.testng.internal.TestMethodWorker.run(TestMethodWorker.java:109)
at org.testng.TestRunner.privateRun(TestRunner.java:648)
at org.testng.TestRunner.run(TestRunner.java:505)
at org.testng.SuiteRunner.runTest(SuiteRunner.java:455)
at org.testng.SuiteRunner.runSequentially(SuiteRunner.java:450)
at org.testng.SuiteRunner.privateRun(SuiteRunner.java:415)
at org.testng.SuiteRunner.run(SuiteRunner.java:364)
at org.testng.SuiteRunnerWorker.runSuite(SuiteRunnerWorker.java:52)
at org.testng.SuiteRunnerWorker.run(SuiteRunnerWorker.java:84)
at org.testng.TestNG.runSuitesSequentially(TestNG.java:1208)
at org.testng.TestNG.runSuitesLocally(TestNG.java:1137)
at org.testng.TestNG.runSuites(TestNG.java:1049)
at org.testng.TestNG.run(TestNG.java:1017)
at org.testng.remote.AbstractRemoteTestNG.run(AbstractRemoteTestNG.java:115)
at org.testng.remote.RemoteTestNG.initAndRun(RemoteTestNG.java:251)
at org.testng.remote.RemoteTestNG.main(RemoteTestNG.java:77)
Caused by: org.openqa.selenium.NoSuchElementException: no such element: Unable to locate element: {"method":"xpath","selector":"//div[@class = 'curvedLineGraph__GraphContainer-sc-155ztx1-6 gBxMzo']"}
  (Session info: chrome=101.0.4951.67)
For documentation on this error, please visit: https://www.seleniumhq.org/exceptions/no_such_element.html
Build info: version: '3.141.59', revision: 'e82be7d358', time: '2018-11-14T08:17:03'
System info: host: 'DESKTOP-QHQ78OS', ip: '10.0.0.155', os.name: 'Windows 10', os.arch: 'amd64', os.version: '10.0', java.version: '11.0.2'
Driver info: org.openqa.selenium.chrome.ChromeDriver
Capabilities {acceptInsecureCerts: false, browserName: chrome, browserVersion: 101.0.4951.67, chrome: {chromedriverVersion: 101.0.4951.41 (93c720db8323..., userDataDir: C:\Users\irina\AppData\Loca...}, goog:chromeOptions: {debuggerAddress: localhost:57832}, javascriptEnabled: true, networkConnectionEnabled: false, pageLoadStrategy: none, platform: WINDOWS, platformName: WINDOWS, proxy: Proxy(), setWindowRect: true, strictFileInteractability: false, timeouts: {implicit: 0, pageLoad: 300000, script: 30000}, unhandledPromptBehavior: dismiss and notify, webauthn:extension:credBlob: true, webauthn:extension:largeBlob: true, webauthn:virtualAuthenticators: true}
Session ID: 618dd49cf951d2d6cf328f409e261e74
*** Element info: {Using=xpath, value=//div[@class = 'curvedLineGraph__GraphContainer-sc-155ztx1-6 gBxMzo']}
at jdk.internal.reflect.GeneratedConstructorAccessor14.newInstance(Unknown Source)
at java.base/jdk.internal.reflect.DelegatingConstructorAccessorImpl.newInstance(DelegatingConstructorAccessorImpl.java:45)
at java.base/java.lang.reflect.Constructor.newInstance(Constructor.java:490)
at org.openqa.selenium.remote.http.W3CHttpResponseCodec.createException(W3CHttpResponseCodec.java:187)
at org.openqa.selenium.remote.http.W3CHttpResponseCodec.decode(W3CHttpResponseCodec.java:122)
at org.openqa.selenium.remote.http.W3CHttpResponseCodec.decode(W3CHttpResponseCodec.java:49)
at org.openqa.selenium.remote.HttpCommandExecutor.execute(HttpCommandExecutor.java:158)
at org.openqa.selenium.remote.service.DriverCommandExecutor.execute(DriverCommandExecutor.java:83)
at org.openqa.selenium.remote.RemoteWebDriver.execute(RemoteWebDriver.java:552)
at org.openqa.selenium.remote.RemoteWebDriver.findElement(RemoteWebDriver.java:323)
at org.openqa.selenium.remote.RemoteWebDriver.findElementByXPath(RemoteWebDriver.java:428)
at org.openqa.selenium.By$ByXPath.findElement(By.java:353)
at org.openqa.selenium.remote.RemoteWebDriver.findElement(RemoteWebDriver.java:315)
at org.openqa.selenium.support.ui.ExpectedConditions$6.apply(ExpectedConditions.java:182)
at org.openqa.selenium.support.ui.ExpectedConditions$6.apply(ExpectedConditions.java:179)
at org.openqa.selenium.support.ui.FluentWait.until(FluentWait.java:249)
... 28 more
]]>
            </full-stacktrace>
          </exception> <!-- org.openqa.selenium.TimeoutException -->
          <reporter-output>
          </reporter-output>
        </test-method> <!-- verify_merchandiseDiagramIspresent_test -->
        <test-method is-config="true" signature="tearDown()[pri:0, instance:com.pjd.qa.testcases.mavsTest@6db9f5a4]" started-at="2022-06-14T13:19:24Z" name="tearDown" finished-at="2022-06-14T13:19:27Z" duration-ms="3000" status="PASS">
          <reporter-output>
          </reporter-output>
        </test-method> <!-- tearDown -->
      </class> <!-- com.pjd.qa.testcases.mavsTest -->
    </test> <!-- Default test -->
  </suite> <!-- Default suite -->
</testng-results>
